<?xml version="1.0" encoding="UTF-8"?>
<testng-results skipped="0" failed="0" ignored="0" total="3" passed="3">
  <reporter-output>
  </reporter-output>
  <suite name="testCases.TestCase1" duration-ms="46" started-at="2022-01-29T19:24:22 IST" finished-at="2022-01-29T19:24:22 IST">
    <groups>
    </groups>
    <test name="Command line test" duration-ms="46" started-at="2022-01-29T19:24:22 IST" finished-at="2022-01-29T19:24:22 IST">
      <class name="testCases.TestCase1">
        <test-method status="PASS" signature="firstTest()[pri:0, instance:testCases.TestCase1@685cb137]" name="firstTest" duration-ms="4" started-at="2022-01-29T19:24:22 IST" finished-at="2022-01-29T19:24:22 IST">
          <reporter-output>
          </reporter-output>
        </test-method> <!-- firstTest -->
        <test-method status="PASS" signature="secondTest()[pri:0, instance:testCases.TestCase1@685cb137]" name="secondTest" duration-ms="0" started-at="2022-01-29T19:24:22 IST" finished-at="2022-01-29T19:24:22 IST">
          <reporter-output>
          </reporter-output>
        </test-method> <!-- secondTest -->
        <test-method status="PASS" signature="thirdTest()[pri:0, instance:testCases.TestCase1@685cb137]" name="thirdTest" duration-ms="0" started-at="2022-01-29T19:24:22 IST" finished-at="2022-01-29T19:24:22 IST">
          <reporter-output>
          </reporter-output>
        </test-method> <!-- thirdTest -->
      </class> <!-- testCases.TestCase1 -->
    </test> <!-- Command line test -->
  </suite> <!-- testCases.TestCase1 -->
</testng-results>
