<?xml version="1.0" encoding="UTF-8"?>
<!-- Generated by org.testng.reporters.JUnitXMLReporter -->
<testsuite hostname="DESKTOP-2SLPI4C" ignored="0" name="Command line test" tests="3" failures="0" timestamp="2022-01-29T19:24:22 IST" time="0.046" errors="0">
  <testcase name="firstTest" time="0.004" classname="testCases.TestCase1"/>
  <testcase name="secondTest" time="0.0" classname="testCases.TestCase1"/>
  <testcase name="thirdTest" time="0.0" classname="testCases.TestCase1"/>
</testsuite> <!-- Command line test -->
